V:\Dotnet-Angular\Fullstack\Fullstack\ClientApp\dist\out-tsc\e2e\src\app.po.js
V:\Dotnet-Angular\Fullstack\Fullstack\ClientApp\dist\out-tsc\e2e\src\app.po.js.map
V:\Dotnet-Angular\Fullstack\Fullstack\ClientApp\dist\out-tsc\e2e\src\app.e2e-spec.js
V:\Dotnet-Angular\Fullstack\Fullstack\ClientApp\dist\out-tsc\e2e\src\app.e2e-spec.js.map
V:\Dotnet-Angular\Fullstack\Fullstack\ClientApp\dist\out-tsc\src\app\weather.service.js
V:\Dotnet-Angular\Fullstack\Fullstack\ClientApp\dist\out-tsc\src\app\weather.service.js.map
V:\Dotnet-Angular\Fullstack\Fullstack\ClientApp\dist\out-tsc\src\app\components\add-city\add-city.component.js
V:\Dotnet-Angular\Fullstack\Fullstack\ClientApp\dist\out-tsc\src\app\components\add-city\add-city.component.js.map
V:\Dotnet-Angular\Fullstack\Fullstack\ClientApp\dist\out-tsc\src\app\components\add-forecast\add-forecast.component.js
V:\Dotnet-Angular\Fullstack\Fullstack\ClientApp\dist\out-tsc\src\app\components\add-forecast\add-forecast.component.js.map
V:\Dotnet-Angular\Fullstack\Fullstack\ClientApp\dist\out-tsc\src\app\components\home\home.component.js
V:\Dotnet-Angular\Fullstack\Fullstack\ClientApp\dist\out-tsc\src\app\components\home\home.component.js.map
V:\Dotnet-Angular\Fullstack\Fullstack\ClientApp\dist\out-tsc\src\app\components\page-not-found\page-not-found.component.js
V:\Dotnet-Angular\Fullstack\Fullstack\ClientApp\dist\out-tsc\src\app\components\page-not-found\page-not-found.component.js.map
V:\Dotnet-Angular\Fullstack\Fullstack\ClientApp\dist\out-tsc\src\app\app-routing.module.js
V:\Dotnet-Angular\Fullstack\Fullstack\ClientApp\dist\out-tsc\src\app\app-routing.module.js.map
V:\Dotnet-Angular\Fullstack\Fullstack\ClientApp\dist\out-tsc\src\app\app.component.js
V:\Dotnet-Angular\Fullstack\Fullstack\ClientApp\dist\out-tsc\src\app\app.component.js.map
V:\Dotnet-Angular\Fullstack\Fullstack\ClientApp\dist\out-tsc\src\app\material\material.module.js
V:\Dotnet-Angular\Fullstack\Fullstack\ClientApp\dist\out-tsc\src\app\material\material.module.js.map
V:\Dotnet-Angular\Fullstack\Fullstack\ClientApp\dist\out-tsc\src\app\components\navbar\navbar.component.js
V:\Dotnet-Angular\Fullstack\Fullstack\ClientApp\dist\out-tsc\src\app\components\navbar\navbar.component.js.map
V:\Dotnet-Angular\Fullstack\Fullstack\ClientApp\dist\out-tsc\src\app\components\sidemenu\sidemenu.component.js
V:\Dotnet-Angular\Fullstack\Fullstack\ClientApp\dist\out-tsc\src\app\components\sidemenu\sidemenu.component.js.map
V:\Dotnet-Angular\Fullstack\Fullstack\ClientApp\dist\out-tsc\src\app\components\card-forecast\card-forecast.component.js
V:\Dotnet-Angular\Fullstack\Fullstack\ClientApp\dist\out-tsc\src\app\components\card-forecast\card-forecast.component.js.map
V:\Dotnet-Angular\Fullstack\Fullstack\ClientApp\dist\out-tsc\src\app\components\forecast-table\forecast-table.component.js
V:\Dotnet-Angular\Fullstack\Fullstack\ClientApp\dist\out-tsc\src\app\components\forecast-table\forecast-table.component.js.map
V:\Dotnet-Angular\Fullstack\Fullstack\ClientApp\dist\out-tsc\src\app\components\card-forecast-spinner\card-forecast-spinner.component.js
V:\Dotnet-Angular\Fullstack\Fullstack\ClientApp\dist\out-tsc\src\app\components\card-forecast-spinner\card-forecast-spinner.component.js.map
V:\Dotnet-Angular\Fullstack\Fullstack\ClientApp\dist\out-tsc\src\app\components\forecast-form\forecast-form.component.js
V:\Dotnet-Angular\Fullstack\Fullstack\ClientApp\dist\out-tsc\src\app\components\forecast-form\forecast-form.component.js.map
V:\Dotnet-Angular\Fullstack\Fullstack\ClientApp\dist\out-tsc\src\app\components\forecast-form-test\forecast-form-test.component.js
V:\Dotnet-Angular\Fullstack\Fullstack\ClientApp\dist\out-tsc\src\app\components\forecast-form-test\forecast-form-test.component.js.map
V:\Dotnet-Angular\Fullstack\Fullstack\ClientApp\dist\out-tsc\src\app\app.module.js
V:\Dotnet-Angular\Fullstack\Fullstack\ClientApp\dist\out-tsc\src\app\app.module.js.map
V:\Dotnet-Angular\Fullstack\Fullstack\ClientApp\dist\out-tsc\src\environments\environment.js
V:\Dotnet-Angular\Fullstack\Fullstack\ClientApp\dist\out-tsc\src\environments\environment.js.map
V:\Dotnet-Angular\Fullstack\Fullstack\ClientApp\dist\out-tsc\src\main.js
V:\Dotnet-Angular\Fullstack\Fullstack\ClientApp\dist\out-tsc\src\main.js.map
V:\Dotnet-Angular\Fullstack\Fullstack\ClientApp\dist\out-tsc\src\polyfills.js
V:\Dotnet-Angular\Fullstack\Fullstack\ClientApp\dist\out-tsc\src\polyfills.js.map
V:\Dotnet-Angular\Fullstack\Fullstack\ClientApp\dist\out-tsc\src\test.js
V:\Dotnet-Angular\Fullstack\Fullstack\ClientApp\dist\out-tsc\src\test.js.map
V:\Dotnet-Angular\Fullstack\Fullstack\ClientApp\dist\out-tsc\src\app\app.component.spec.js
V:\Dotnet-Angular\Fullstack\Fullstack\ClientApp\dist\out-tsc\src\app\app.component.spec.js.map
V:\Dotnet-Angular\Fullstack\Fullstack\ClientApp\dist\out-tsc\src\app\weather.service.spec.js
V:\Dotnet-Angular\Fullstack\Fullstack\ClientApp\dist\out-tsc\src\app\weather.service.spec.js.map
V:\Dotnet-Angular\Fullstack\Fullstack\ClientApp\dist\out-tsc\src\app\components\add-city\add-city.component.spec.js
V:\Dotnet-Angular\Fullstack\Fullstack\ClientApp\dist\out-tsc\src\app\components\add-city\add-city.component.spec.js.map
V:\Dotnet-Angular\Fullstack\Fullstack\ClientApp\dist\out-tsc\src\app\components\add-forecast\add-forecast.component.spec.js
V:\Dotnet-Angular\Fullstack\Fullstack\ClientApp\dist\out-tsc\src\app\components\add-forecast\add-forecast.component.spec.js.map
V:\Dotnet-Angular\Fullstack\Fullstack\ClientApp\dist\out-tsc\src\app\components\card-forecast\card-forecast.component.spec.js
V:\Dotnet-Angular\Fullstack\Fullstack\ClientApp\dist\out-tsc\src\app\components\card-forecast\card-forecast.component.spec.js.map
V:\Dotnet-Angular\Fullstack\Fullstack\ClientApp\dist\out-tsc\src\app\components\card-forecast-spinner\card-forecast-spinner.component.spec.js
V:\Dotnet-Angular\Fullstack\Fullstack\ClientApp\dist\out-tsc\src\app\components\card-forecast-spinner\card-forecast-spinner.component.spec.js.map
V:\Dotnet-Angular\Fullstack\Fullstack\ClientApp\dist\out-tsc\src\app\components\forecast-form\forecast-form.component.spec.js
V:\Dotnet-Angular\Fullstack\Fullstack\ClientApp\dist\out-tsc\src\app\components\forecast-form\forecast-form.component.spec.js.map
V:\Dotnet-Angular\Fullstack\Fullstack\ClientApp\dist\out-tsc\src\app\components\forecast-form-test\forecast-form-test.component.spec.js
V:\Dotnet-Angular\Fullstack\Fullstack\ClientApp\dist\out-tsc\src\app\components\forecast-form-test\forecast-form-test.component.spec.js.map
V:\Dotnet-Angular\Fullstack\Fullstack\ClientApp\dist\out-tsc\src\app\components\forecast-table\forecast-table.component.spec.js
V:\Dotnet-Angular\Fullstack\Fullstack\ClientApp\dist\out-tsc\src\app\components\forecast-table\forecast-table.component.spec.js.map
V:\Dotnet-Angular\Fullstack\Fullstack\ClientApp\dist\out-tsc\src\app\components\home\home.component.spec.js
V:\Dotnet-Angular\Fullstack\Fullstack\ClientApp\dist\out-tsc\src\app\components\home\home.component.spec.js.map
V:\Dotnet-Angular\Fullstack\Fullstack\ClientApp\dist\out-tsc\src\app\components\navbar\navbar.component.spec.js
V:\Dotnet-Angular\Fullstack\Fullstack\ClientApp\dist\out-tsc\src\app\components\navbar\navbar.component.spec.js.map
V:\Dotnet-Angular\Fullstack\Fullstack\ClientApp\dist\out-tsc\src\app\components\page-not-found\page-not-found.component.spec.js
V:\Dotnet-Angular\Fullstack\Fullstack\ClientApp\dist\out-tsc\src\app\components\page-not-found\page-not-found.component.spec.js.map
V:\Dotnet-Angular\Fullstack\Fullstack\ClientApp\dist\out-tsc\src\app\components\sidemenu\sidemenu.component.spec.js
V:\Dotnet-Angular\Fullstack\Fullstack\ClientApp\dist\out-tsc\src\app\components\sidemenu\sidemenu.component.spec.js.map
V:\Dotnet-Angular\Fullstack\Fullstack\ClientApp\dist\out-tsc\src\environments\environment.prod.js
V:\Dotnet-Angular\Fullstack\Fullstack\ClientApp\dist\out-tsc\src\environments\environment.prod.js.map
